Array
(
    [chatMessage] => 
)
Missing chatMessage. POST: Array
(
    [chatMessage] => 
)
Array
(
    [email] => 
    [chatMessage] => 
)
Missing chatMessage. POST: Array
(
    [email] => 
    [chatMessage] => 
)
Array
(
    [email] => 
    [chatMessage] => 
)
Missing chatMessage. POST: Array
(
    [email] => 
    [chatMessage] => 
)
Missing chatMessage. POST: Array
(
    [email] => 
    [chatMessage] => 
)
Missing chatMessage. POST: Array
(
    [email] => 
    [chatMessage] => 
)
Missing chatMessage. POST: Array
(
    [email] => 
    [chatMessage] => 
)
Missing chatMessage. POST: Array
(
    [email] => 
    [chatMessage] => 
)
Missing chatMessage. POST: Array
(
    [email] => 
    [chatMessage] => 
)
Missing chatMessage. POST: Array
(
    [email] => 
    [chatMessage] => 
)
Missing chatMessage. POST: Array
(
    [email] => 
    [chatMessage] => 
)
Missing chatMessage. POST: Array
(
    [email] => 
    [chatMessage] => 
)
Missing chatMessage. POST: Array
(
    [email] => 
    [chatMessage] => 
)
Missing chatMessage. POST: Array
(
    [email] => 
    [chatMessage] => 
)
Missing chatMessage. POST: Array
(
    [email] => 
    [chatMessage] => 
)
Missing chatMessage. POST: Array
(
    [email] => 
    [chatMessage] => 
)
Missing chatMessage. POST: Array
(
    [email] => 
    [chatMessage] => 
)
Missing chatMessage. POST: Array
(
    [email] => 
    [chatMessage] => 
)
Missing chatMessage. POST: Array
(
    [email] => 
    [chatMessage] => 
)
Missing chatMessage. POST: Array
(
    [email] => 
    [chatMessage] => 
)
Missing chatMessage. POST: Array
(
    [email] => 
    [chatMessage] => 
)
Missing chatMessage. POST: Array
(
    [email] => 
    [chatMessage] => 
)
Missing chatMessage. POST: Array
(
    [email] => 
    [chatMessage] => 
)
Missing chatMessage. POST: Array
(
    [email] => 
    [chatMessage] => 
)
Missing chatMessage. POST: Array
(
    [email] => 
    [chatMessage] => 
)
Missing chatMessage. POST: Array
(
    [email] => 
    [chatMessage] => 
)
Missing chatMessage. POST: Array
(
    [email] => 
    [chatMessage] => 
)
Missing chatMessage. POST: Array
(
    [email] => 
    [chatMessage] => 
)
Missing chatMessage. POST: Array
(
    [email] => 
    [chatMessage] => 
)
Missing chatMessage. POST: Array
(
)
Missing chatMessage. POST: Array
(
    [email] => 
    [chatMessage] => 
)
Missing chatMessage. POST: Array
(
    [email] => 
    [chatMessage] => 
)
Missing chatMessage. POST: Array
(
    [email] => 
    [chatMessage] => 
)
Missing chatMessage. POST: Array
(
)
Missing chatMessage. POST: Array
(
    [email] => 
    [chatMessage] => 
)
Missing chatMessage. POST: Array
(
    [email] => 
    [chatMessage] => 
)
Missing chatMessage. POST: Array
(
    [email] => 
    [chatMessage] => 
)
Missing chatMessage. POST: Array
(
    [email] => 
    [chatMessage] => 
)
Missing chatMessage. POST: Array
(
    [email] => 
    [chatMessage] => 
)
Missing chatMessage. POST: Array
(
    [email] => 
    [chatMessage] => 
)
Missing chatMessage. POST: Array
(
    [email] => 
    [chatMessage] => 
)
Missing chatMessage. POST: Array
(
    [email] => 
    [chatMessage] => 
)
Missing chatMessage. POST: Array
(
    [email] => 
    [chatMessage] => 
)
Missing chatMessage. POST: Array
(
)
Missing chatMessage. POST: Array
(
)
Missing chatMessage. POST: Array
(
    [email] => 
    [chatMessage] => 
)
Missing chatMessage. POST: Array
(
    [email] => 
    [chatMessage] => 
)
Missing chatMessage. POST: Array
(
)
Missing chatMessage. POST: Array
(
)
Missing chatMessage. POST: Array
(
)
Missing chatMessage. POST: Array
(
    [email] => 
    [chatMessage] => 
)
Missing chatMessage. POST: Array
(
    [email] => 
    [chatMessage] => 
)
Missing chatMessage. POST: Array
(
    [email] => 
    [chatMessage] => 
)
Missing chatMessage. POST: Array
(
    [email] => 
    [chatMessage] => 
)
