Array
(
    [email] => 
)
Array
(
    [email] => 
)
Array
(
    [email] => 
)
Array
(
    [email] => 
)
Array
(
    [email] => 
)
Array
(
    [email] => 
)
Array
(
    [email] => 
)
Array
(
    [email] => test@example.com
)
Array
(
    [email] => 
)
Array
(
    [email] => 
)
Array
(
    [email] => 
)
Array
(
    [email] => 
)
Array
(
    [email] => test@example.com
)
Array
(
    [email] => example@gmail.com
)
Array
(
    [email] => example@gmail.com
)
Array
(
    [email] => example@gmail.com
)
Array
(
    [email] => example@gmail.com
)
